     1                                  ; Nate Jackson
     2                                  ; P2: Adding Integers
     3                                  ; 9/30/22
     4                                  ; 
     5                                  
     6                                  SECTION .data
     7                                  ; define data/variables here.  Think DB, DW, DD, DQ
     8                                  
     9                                  
    10                                  SECTION .bss
    11                                  ; define uninitialized data here
    12                                  
    13                                  SECTION .text
    14                                  global _main
    15                                  _main:
    16                                  
    17                                  ; put your code here.
    18 00000000 66B84602                mov AX,0246h
    19 00000004 66BBABDC                mov BX,0DCABh
    20 00000008 6601D8                  add AX,BX
    21                                  
    22 0000000B 66B8CDAB                mov AX,0ABCDh
    23 0000000F 66BBBADC                mov BX,0DCBAh
    24 00000013 6601D8                  add AX, BX
    25                                  
    26 00000016 66B8FFFF                mov AX,0FFFFh
    27 0000001A 66BB0100                mov BX,0001h
    28 0000001E 6601D8                  add AX, BX
    29                                  
    30 00000021 66B8F0F0                mov AX,0F0F0h
    31 00000025 66BBF0F0                mov BX,0F0F0h
    32 00000029 6601D8                  add AX, BX
    33                                  
    34 0000002C 66B86824                mov AX,2468h
    35 00000030 66BB6824                mov BX,2468h
    36 00000034 6601D8                  add AX,BX
    37                                  
    38 00000037 66B8FF7F                mov AX,7FFFh
    39 0000003B 66BB0100                mov BX,0001h
    40 0000003F 6601D8                  add AX, BX
    41                                  
    42 00000042 66B8CDAB                mov AX,0ABCDh
    43 00000046 66BBDCFE                mov BX,0FEDCh
    44 0000004A 6601D8                  add AX,BX
    45                                  
    46 0000004D 66B80B0B                mov AX,0B0Bh
    47 00000051 66BB1EA1                mov BX,0A11Eh
    48 00000055 6601D8                  add AX, BX
    49                                  
    50 00000058 66B8FF7F                mov AX,7FFFh
    51 0000005C 66BBFF7F                mov BX,7FFFh
    52 00000060 6601D8                  add AX, BX
    53                                  
    54 00000063 66B80080                mov AX,8000h
    55 00000067 66BB0080                mov BX,8000h
    56 0000006B 6601D8                  add AX, BX
    57                                  
    58                                  
    59                                  
    60                                  ; Normal termination code
    61 0000006E B801000000              mov eax, 1
    62 00000073 BB00000000              mov ebx, 0
    63 00000078 CD80                    int 80h
