     1                                  ;Nate Jackson
     2                                  ;CSC322 P7
     3                                  
     4                                  ROW:	EQU 24
     5                                  COL:	EQU 80
     6                                  
     7                                  SECTION .data
     8 00000000 5737583859395A3A5B-     season: db 87,55,88,56,89,57,90,58,91,59,92,60,93,61,94,62,95,63,96,64,97,65,98,66,99,67,100,68,101,69,102,70,103,71,104,72,105,73,106,74,107,75,108,76,109,77,110,78,111,79,112,80,113,81,114,82,115,83,116,84,117,85,
     9 00000009 3B5C3C5D3D5E3E5F3F-
    10 00000012 604061416242634364-
    11 0000001B 446545664667476848-
    12 00000024 69496A4A6B4B6C4C6D-
    13 0000002D 4D6E4E6F4F70507151-
    14 00000036 725273537454755576-
    15 0000003F 567757785879597A5A-
    16 00000048 7B5B7C5C7D5D7E5E7F-
    17 00000051 5F8060816182628363-
    18 0000005A 846485658666876788-
    19 00000063 6889698A6A8B6B8C6C-
    20 0000006C 8D6D8E6E8F6F907091-
    21 00000075 719272937394749575-
    22 0000007E 96769777987899799A-
    23 00000087 7A9B7B9C7C9D7D9579-
    24 00000090 967AA080A181A282A3-
    25 00000099 83A484A585A686     
    26 000000A0 5737583859395A3A5B-     db 87,55,88,56,89,57,90,58,91,59,92,60,93,61,94,62,95,63,96,64,97,65,98,66,99,67,100,68,101,69,102,70,103,71,104,72,105,73,106,74,107,75,108,76,109,77,110,78,111,79,112,80,113,81,114,82,115,83,116,84,117,85,118,86,1
    27 000000A9 3B5C3C5D3D5E3E5F3F-
    28 000000B2 604061416242634364-
    29 000000BB 446545664667476848-
    30 000000C4 69496A4A6B4B6C4C6D-
    31 000000CD 4D6E4E6F4F70507151-
    32 000000D6 725273537454755576-
    33 000000DF 567757785879597A5A-
    34 000000E8 7B5B7C5C7D5D7E5E7F-
    35 000000F1 5F8060816182628363-
    36 000000FA 846485658666876788-
    37 00000103 6889698A6A8B6B8C6C-
    38 0000010C 8D6D8E6E8F6F907091-
    39 00000115 719272937394749575-
    40 0000011E 96769777987899799A-
    41 00000127 7A9B7B9377B178B379-
    42 00000130 AB7AB87B997C997DA3-
    43 00000139 83A484A585A686     
    44 00000140 5737583859395A3A5B-     db 87,55,88,56,89,57,90,58,91,59,92,60,93,61,94,62,95,63,96,64,97,65,98,66,99,67,100,68,101,69,102,70,103,71,104,72,105,73,106,74,107,75,108,76,109,77,110,78,111,79,112,80,113,81,114,82,115,83,116,84,117,85,118,86,1
    45 00000149 3B5C3C5D3D5E3E5F3F-
    46 00000152 604061416242634364-
    47 0000015B 446545664667476848-
    48 00000164 69496A4A6B4B6C4C6D-
    49 0000016D 4D6E4E6F4F70507151-
    50 00000176 725273537454755576-
    51 0000017F 567757785879597A5A-
    52 00000188 7B5B7C5C7D5D7E5E7F-
    53 00000191 5F8060816182628363-
    54 0000019A 846485658666876788-
    55 000001A3 6889698A6A8B6B8C6C-
    56 000001AC 8D6D8E6E8F6F907091-
    57 000001B5 719272937394749575-
    58 000001BE 96769777987899799A-
    59 000001C7 7A9B7B9C7C9E787779-
    60 000001D0 AC7A847B767CAF7D9A-
    61 000001D9 7EA484A585A686     
    62 000001E0 5737583859395A3A5B-     db 87,55,88,56,89,57,90,58,91,59,92,60,93,61,94,62,95,63,96,64,97,65,98,66,99,67,100,68,101,69,102,70,103,71,104,72,105,73,106,74,107,75,108,76,109,77,110,78,111,79,112,80,113,81,114,82,115,83,116,84,117,85,118,86,1
    63 000001E9 3B5C3C5D3D5E3E5F3F-
    64 000001F2 604061416242634364-
    65 000001FB 446545664667476848-
    66 00000204 69496A4A6B4B6C4C6D-
    67 0000020D 4D6E4E6F4F70507151-
    68 00000216 725273537454755576-
    69 0000021F 567757785879597A5A-
    70 00000228 7B5B7C5C7D5D7E5E7F-
    71 00000231 5F8060816182628363-
    72 0000023A 846485658666876788-
    73 00000243 6889698A6A8B6B8C6C-
    74 0000024C 8D6D8E6E8F6F907091-
    75 00000255 719272937394749575-
    76 0000025E 96769777987899799A-
    77 00000267 7A9B7B9C7C9D7D9E7E-
    78 00000270 967AB47B847C777DB7-
    79 00000279 7EA484A585A686     
    80 00000280 5737593251335B345B-     db 87,55,89,50,81,51,91,52,91,59,92,60,93,61,94,62,95,63,96,64,97,65,98,66,99,67,100,68,101,69,102,70,103,71,104,72,105,73,106,74,107,75,108,76,109,77,110,78,111,79,112,80,113,81,114,82,115,83,116,84,117,85,118,86,1
    81 00000289 3B5C3C5D3D5E3E5F3F-
    82 00000292 604061416242634364-
    83 0000029B 446545664667476848-
    84 000002A4 69496A4A6B4B6C4C6D-
    85 000002AD 4D6E4E6F4F70507151-
    86 000002B6 725273537454755576-
    87 000002BF 567757785879597A5A-
    88 000002C8 7B5B7C5C7D5D7E5E7F-
    89 000002D1 5F8060816182628363-
    90 000002DA 846485658666876788-
    91 000002E3 6889698A6A8B6B8C6C-
    92 000002EC 8D6D8E6E8F6F907091-
    93 000002F5 719272937394749575-
    94 000002FE 96769777987899799A-
    95 00000307 7A9B7B9C7C9D7D9E7E-
    96 00000310 9F7F947BB67C777DC4-
    97 00000319 7EA484A585A686     
    98 00000320 57376C323D337B345B-     db 87,55,108,50,61,51,123,52,91,59,92,60,93,61,94,62,95,63,96,64,97,65,98,66,99,67,100,68,101,69,102,70,103,71,104,72,105,73,106,74,107,75,108,76,109,77,110,78,111,79,112,80,113,81,114,82,115,83,116,84,117,85,118,86
    99 00000329 3B5C3C5D3D5E3E5F3F-
   100 00000332 604061416242634364-
   101 0000033B 446545664667476848-
   102 00000344 69496A4A6B4B6C4C6D-
   103 0000034D 4D6E4E6F4F70507151-
   104 00000356 725273537454755576-
   105 0000035F 567757785879597A5A-
   106 00000368 7B5B7C5C7D5D7E5E7F-
   107 00000371 5F8060816182628363-
   108 0000037A 846485658666876788-
   109 00000383 6889698A6A8B6B8C6C-
   110 0000038C 8D6D8E6E8F6F907091-
   111 00000395 719272937394749575-
   112 0000039E 96769777987899799A-
   113 000003A7 7A9B7B9C7C9D7D9E7E-
   114 000003B0 9F7F797B847C857D7C-
   115 000003B9 7EA484A585A686     
   116 000003C0 4E3165322E33673452-     db 78,49,101,50,46,51,103,52,82,53,92,60,93,61,94,62,95,63,96,64,97,65,98,66,99,67,100,68,101,69,102,70,103,71,104,72,105,73,106,74,107,75,108,76,109,77,110,78,111,79,112,80,113,81,114,82,115,83,116,84,117,85,118,86
   117 000003C9 355C3C5D3D5E3E5F3F-
   118 000003D2 604061416242634364-
   119 000003DB 446545664667476848-
   120 000003E4 69496A4A6B4B6C4C6D-
   121 000003ED 4D6E4E6F4F70507151-
   122 000003F6 725273537454755576-
   123 000003FF 567757785879597A5A-
   124 00000408 7B5B7C5C7D5D7E5E7F-
   125 00000411 5F8060816182628363-
   126 0000041A 846485658666876788-
   127 00000423 6889698A6A8B6B8C6C-
   128 0000042C 8D6D8E6E8F6F907091-
   129 00000435 719272937394749575-
   130 0000043E 96769777987899799A-
   131 00000447 7A9B7B9C7C9D7D9579-
   132 00000450 787AB57B847CB67DA3-
   133 00000459 83A484A585A686     
   134 00000460 4E3165322E336F344F-     db 78,49,101,50,46,51,111,52,79,53,92,60,93,61,94,62,95,63,96,64,97,65,98,66,99,67,100,68,101,69,102,70,103,71,104,72,105,73,106,74,107,75,108,76,109,77,110,78,111,79,112,80,113,81,114,82,115,83,116,84,117,85,118,86
   135 00000469 355C3C5D3D5E3E5F3F-
   136 00000472 604061416242634364-
   137 0000047B 446545664667476848-
   138 00000484 69496A4A6B4B6C4C6D-
   139 0000048D 4D6E4E6F4F70507151-
   140 00000496 725273537454755576-
   141 0000049F 567757785879597A5A-
   142 000004A8 7B5B7C5C7D5D7E5E7F-
   143 000004B1 5F8060816182628363-
   144 000004BA 846485658666876788-
   145 000004C3 6889698A6A8B6B8C6C-
   146 000004CC 8D6D8E6E8F6F907091-
   147 000004D5 719272937394749575-
   148 000004DE 96769777987899799A-
   149 000004E7 7A9B7B9C7C9178AB79-
   150 000004F0 827AB57B7A7CA282A3-
   151 000004F9 83A484A585A686     
   152 00000500 583170323D333D3453-     db 88,49,112,50,61,51,61,52,83,53,92,60,93,61,94,62,95,63,96,64,97,65,98,66,99,67,100,68,101,69,102,70,103,71,104,72,105,73,106,74,107,75,108,76,109,77,110,78,111,79,112,80,113,81,114,82,115,83,116,84,117,85,118,86,
   153 00000509 355C3C5D3D5E3E5F3F-
   154 00000512 604061416242634364-
   155 0000051B 446545664667476848-
   156 00000524 69496A4A6B4B6C4C6D-
   157 0000052D 4D6E4E6F4F70507151-
   158 00000536 725273537454755576-
   159 0000053F 567757785879597A5A-
   160 00000548 7B5B7C5C7D5D7E5E7F-
   161 00000551 5F8060816182628363-
   162 0000055A 846485658666876788-
   163 00000563 6889698A6A8B6B8C6C-
   164 0000056C 8D6D8E6E8F6F907091-
   165 00000575 719272937394749575-
   166 0000057E 967697779878997991-
   167 00000587 757476A977A978B379-
   168 00000590 977A977BA181A282A3-
   169 00000599 83A484A585A686     
   170 000005A0 4E3165323D333E3468-     db 78,49,101,50,61,51,62,52,104,53,83,54,93,61,94,62,95,63,96,64,97,65,98,66,99,67,100,68,101,69,102,70,103,71,104,72,105,73,106,74,107,75,108,76,109,77,110,78,111,79,112,80,113,81,114,82,115,83,116,84,117,85,118,86
   171 000005A9 3553365D3D5E3E5F3F-
   172 000005B2 604061416242634364-
   173 000005BB 446545664667476848-
   174 000005C4 69496A4A6B4B6C4C6D-
   175 000005CD 4D6E4E6F4F70507151-
   176 000005D6 725273537454755576-
   177 000005DF 567757785879597A5A-
   178 000005E8 7B5B7C5C7D5D7E5E7F-
   179 000005F1 5F8060816182628363-
   180 000005FA 846485658666876788-
   181 00000603 6889698A6A8B6B8C6C-
   182 0000060C 8D6D8E6E8F6F907091-
   183 00000615 719272937394749575-
   184 0000061E 96768E727173BA74A6-
   185 00000627 757E76B47795789579-
   186 00000630 9F7FA080A181A282A3-
   187 00000639 83A484A585A686     
   188 00000640 573779323D333E343E-     db 87,55,121,50,61,51,62,52,62,53,53,54,93,61,94,62,95,63,96,64,97,65,98,66,99,67,100,68,101,69,102,70,103,71,104,72,105,73,106,74,107,75,108,76,109,77,110,78,111,79,112,80,113,81,114,82,115,83,116,84,117,85,118,86,
   189 00000649 3535365D3D5E3E5F3F-
   190 00000652 604061416242634364-
   191 0000065B 446545664667476848-
   192 00000664 69496A4A6B4B6C4C6D-
   193 0000066D 4D6E4E6F4F70507151-
   194 00000676 725273537454755576-
   195 0000067F 567757785879597A5A-
   196 00000688 7B5B7C5C7D5D7E5E7F-
   197 00000691 5F8060816182628363-
   198 0000069A 846485658666876789-
   199 000006A3 628163AB6483658066-
   200 000006AC 6667A2689C699D6AA5-
   201 000006B5 6B6B6C876D6D6EA970-
   202 000006BE A371A3727B73AE74BB-
   203 000006C7 758F769C7C9D7D9E7E-
   204 000006D0 9F7FA080A181A282A3-
   205 000006D9 83A484A585A686     
   206 000006E0 573750323C333E343F-     db 87,55,80,50,60,51,62,52,63,53,113,54,94,55,94,62,95,63,96,64,97,65,98,66,99,67,100,68,101,69,102,70,103,71,104,72,105,73,106,74,107,75,108,76,109,77,110,78,111,79,112,80,113,81,114,82,115,83,116,84,117,85,118,86,
   207 000006E9 3571365E375E3E5F3F-
   208 000006F2 604061416242634364-
   209 000006FB 446545664667476848-
   210 00000704 69496A4A6B4B6C4C6D-
   211 0000070D 4D6E4E6F4F70507151-
   212 00000716 725273537454755576-
   213 0000071F 567757785879597A5A-
   214 00000728 7B5B7C5C7D5D7E5E7F-
   215 00000731 5F8060816182628363-
   216 0000073A 84647C5F5F6094616B-
   217 00000743 62956397649F659966-
   218 0000074C 996772687269736A74-
   219 00000755 6B756C766D786E786F-
   220 0000075E AB70B8718C7290739A-
   221 00000767 7A9B7B9C7C9D7D9E7E-
   222 00000770 9F7FA080A181A282A3-
   223 00000779 83A484A585A686     
   224 00000780 57374F3271333E343F-     db 87,55,79,50,113,51,62,52,63,53,64,54,117,55,95,56,95,63,96,64,97,65,98,66,99,67,100,68,101,69,102,70,103,71,104,72,105,73,106,74,107,75,108,76,109,77,110,78,111,79,112,80,113,81,114,82,115,83,116,84,117,85,118,86
   225 00000789 35403675375F385F3F-
   226 00000792 604061416242634364-
   227 0000079B 446545664667476848-
   228 000007A4 69496A4A6B4B6C4C6D-
   229 000007AD 4D6E4E6F4F70507151-
   230 000007B6 725273537454755576-
   231 000007BF 567757785879597A5A-
   232 000007C8 7B5B7C5C7D5D7E5E7F-
   233 000007D1 5F8060816182627A5D-
   234 000007DA 7C5E9A5F6A606B619D-
   235 000007E3 629663A26497656F66-
   236 000007EC 706771687369656A61-
   237 000007F5 6B696C6A6D786E8D6F-
   238 000007FE 96769777987899799A-
   239 00000807 7A9B7B9C7C9D7D9E7E-
   240 00000810 9F7FA080A181A282A3-
   241 00000819 83A484A585A686     
   242 00000820 573758383233663430-     db 87,55,88,56,50,51,102,52,48,53,63,54,65,55,115,56,56,57,96,64,97,65,98,66,99,67,100,68,101,69,102,70,103,71,104,72,105,73,106,74,107,75,108,76,109,77,110,78,111,79,112,80,113,81,114,82,115,83,116,84,117,85,118,86
   243 00000829 353F36413773383839-
   244 00000832 604061416242634364-
   245 0000083B 446545664667476848-
   246 00000844 69496A4A6B4B6C4C6D-
   247 0000084D 4D6E4E6F4F70507151-
   248 00000856 725273537454755576-
   249 0000085F 567757785879597A5A-
   250 00000868 7B5B7C5C7D5D7E5E7F-
   251 00000871 5F8060825B965C8F5D-
   252 0000087A 595E555F6A60936194-
   253 00000883 626C636D646E656F66-
   254 0000088C 706771687269656A61-
   255 00000895 6B696C6A6D646EB66F-
   256 0000089E 96769777987899799A-
   257 000008A7 7A9B7B9C7C9D7D9E7E-
   258 000008B0 9F7FA080A181A282A3-
   259 000008B9 83A484A585A686     
   260 000008C0 57375838593952343E-     db 87,55,88,56,89,57,82,52,62,53,49,54,64,55,66,56,66,57,129,58,98,59,98,66,99,67,100,68,101,69,102,70,103,71,104,72,105,73,106,74,107,75,108,76,109,77,110,78,111,79,112,80,113,81,114,82,115,83,116,84,117,85,118,86,
   261 000008C9 353136403742384239-
   262 000008D2 813A623B6242634364-
   263 000008DB 446545664667476848-
   264 000008E4 69496A4A6B4B6C4C6D-
   265 000008ED 4D6E4E6F4F70507151-
   266 000008F6 725273537454755576-
   267 000008FF 567757785879597A5A-
   268 00000908 7B5B7C5C7D5D725877-
   269 00000911 598D5A645B525C535D-
   270 0000091A 685E685F69606A616B-
   271 00000923 626C636D646E656F66-
   272 0000092C 706772686469606A61-
   273 00000935 6B626C636DA06E6E6F-
   274 0000093E 96769777987899799A-
   275 00000947 7A9B7B9C7C9D7D9E7E-
   276 00000950 9F7FA080A181A282A3-
   277 00000959 83A484A585A686     
   278 00000960 5737583859395A3A53-     db 87,55,88,56,89,57,90,58,83,53,63,54,50,55,65,56,66,57,68,58,109,59,131,60,87,61,100,68,101,69,102,70,103,71,104,72,105,73,106,74,107,75,108,76,109,77,110,78,111,79,112,80,113,81,114,82,115,83,116,84,117,85,118,86
   279 00000969 353F36323741384239-
   280 00000972 443A6D3B833C573D64-
   281 0000097B 446545664667476848-
   282 00000984 69496A4A6B4B6C4C6D-
   283 0000098D 4D6E4E6F4F70507151-
   284 00000996 725273537454755576-
   285 0000099F 567757785879597A5A-
   286 000009A8 7C557456955762584F-
   287 000009B1 59505A565B665C665D-
   288 000009BA 675E685F69606A616B-
   289 000009C3 626C636D646E657066-
   290 000009CC 62675E685F69606A61-
   291 000009D5 6B626C766D6D6E9575-
   292 000009DE 96769777987899799A-
   293 000009E7 7A9B7B9C7C9D7D9E7E-
   294 000009F0 9F7FA080A181A282A3-
   295 000009F9 83A484A585A686     
   296 00000A00 5737583859395A3A5B-     db 87,55,88,56,89,57,90,58,91,59,53,54,105,55,51,56,67,57,67,58,68,59,70,60,70,61,124,62,121,63,90,64,94,65,104,72,105,73,106,74,107,75,108,76,109,77,110,78,111,79,112,80,113,81,114,82,115,83,116,84,117,85,118,86,11
   297 00000A09 3B3536693733384339-
   298 00000A12 433A443B463C463D7C-
   299 00000A1B 3E793F5A405E416848-
   300 00000A24 69496A4A6B4B6C4C6D-
   301 00000A2D 4D6E4E6F4F70507151-
   302 00000A36 725273537454755576-
   303 00000A3F 567757795271538754-
   304 00000A48 5E5551564D57535863-
   305 00000A51 59645A645B655C665D-
   306 00000A5A 675E685F69606A616B-
   307 00000A63 626D635F645B655C66-
   308 00000A6C 5D675E685F69606A61-
   309 00000A75 6B766CB46D8B6E9575-
   310 00000A7E 96769777987899799A-
   311 00000A87 7A9B7B9C7C9D7D9E7E-
   312 00000A90 9F7FA080A181A282A3-
   313 00000A99 83A484A585A686     
   314 00000AA0 5737583859395A3A5B-     db 87,55,88,56,89,57,90,58,91,59,92,60,94,55,127,56,66,57,53,58,69,59,69,60,70,61,72,62,73,63,73,64,124,65,117,66,138,67,98,68,68,69,109,70,110,71,101,72,102,73,103,74,104,75,105,76,116,77,104,78,109,79,151,80,140,8
   315 00000AA9 3B5C3C5E377F384239-
   316 00000AB2 353A453B453C463D48-
   317 00000ABB 3E493F49407C417542-
   318 00000AC4 8A43624444456D466E-
   319 00000ACD 4765486649674A684B-
   320 00000AD6 694C744D684E6D4F97-
   321 00000ADF 508C515B524E534F54-
   322 00000AE8 5F5560566057615862-
   323 00000AF1 59635A645B655C665D-
   324 00000AFA 675E685F6A605C615D-
   325 00000B03 6259635A645B655C66-
   326 00000B0C 5D675E6864699C6AB2-
   327 00000B15 6B866C937394749575-
   328 00000B1E 96769777987899799A-
   329 00000B27 7A9B7B9C7C9D7D9E7E-
   330 00000B30 9F7FA080A181A282A3-
   331 00000B39 83A484A585A686     
   332 00000B40 5737583859395A3A5B-     db 87,55,88,56,89,57,90,58,91,59,92,60,93,61,94,62,83,57,109,58,68,59,55,60,56,61,72,62,72,63,73,64,74,65,76,66,77,67,78,68,78,69,79,70,80,71,122,72,123,73,124,74,125,75,85,76,86,77,87,78,89,79,75,80,91,81,92,82,92,
   333 00000B49 3B5C3C5D3D5E3E5339-
   334 00000B52 6D3A443B373C383D48-
   335 00000B5B 3E483F49404A414C42-
   336 00000B64 4D434E444E454F4650-
   337 00000B6D 477A487B497C4A7D4B-
   338 00000B76 554C564D574E594F4B-
   339 00000B7F 505B515C525C535D54-
   340 00000B88 5E555F566057615862-
   341 00000B91 59635A645B655C675D-
   342 00000B9A 595E5A5F5660576158-
   343 00000BA3 6259635A645B655C66-
   344 00000BAC 7167A6688769916A91-
   345 00000BB5 719272937394749575-
   346 00000BBE 96769777987899799A-
   347 00000BC7 7A9B7B9C7C9D7D9E7E-
   348 00000BD0 9F7FA080A181A282A3-
   349 00000BD9 83A484A585A686     
   350 00000BE0 5737583859395A3A5B-     db 87,55,88,56,89,57,90,58,91,59,92,60,93,61,94,62,95,63,96,64,98,59,118,60,120,61,72,62,53,63,59,64,75,65,76,66,76,67,77,68,119,69,129,70,130,71,131,72,135,73,136,74,126,75,147,76,148,77,136,78,150,79,139,80,90,81,
   351 00000BE9 3B5C3C5D3D5E3E5F3F-
   352 00000BF2 6040623B763C783D48-
   353 00000BFB 3E353F3B404B414C42-
   354 00000C04 4C434D447745814682-
   355 00000C0D 4783488749884A7E4B-
   356 00000C16 934C944D884E964F8B-
   357 00000C1F 505A515B525C535D54-
   358 00000C28 5E555F566057625863-
   359 00000C31 59645A565B525C535D-
   360 00000C3A 545E555F5660576158-
   361 00000C43 6259636D64A365A066-
   362 00000C4C 8E678E6E8F6F907091-
   363 00000C55 719272937394749575-
   364 00000C5E 96769777987899799A-
   365 00000C67 7A9B7B9C7C9D7D9E7E-
   366 00000C70 9F7FA080A181A282A3-
   367 00000C79 83A484A585A686     
   368 00000C80 5737583859395A3A5B-     db 87,55,88,56,89,57,90,58,91,59,92,60,93,61,94,62,95,63,96,64,97,65,98,66,90,61,88,62,134,63,123,64,75,65,56,66,57,67,63,68,64,69,65,70,81,71,82,72,82,73,124,74,125,75,126,76,127,77,128,78,88,79,89,80,91,81,92,82,9
   369 00000C89 3B5C3C5D3D5E3E5F3F-
   370 00000C92 6040614162425A3D58-
   371 00000C9B 3E863F7B404B413842-
   372 00000CA4 39433F444045414651-
   373 00000CAD 47524852497C4A7D4B-
   374 00000CB6 7E4C7F4D804E584F59-
   375 00000CBF 505B515C525D535E54-
   376 00000CC8 505551564D574E584F-
   377 00000CD1 59505A515B525C535D-
   378 00000CDA 545E555F6A60936195-
   379 00000CE3 6281638B648B6B8C6C-
   380 00000CEC 8D6D8E6E8F6F907091-
   381 00000CF5 719272937394749575-
   382 00000CFE 96769777987899799A-
   383 00000D07 7A9B7B9C7C9D7D9E7E-
   384 00000D10 9F7FA080A181A282A3-
   385 00000D19 83A484A585A686     
   386 00000D20 5737583859395A3A5B-     db 87,55,88,56,89,57,90,58,91,59,92,60,93,61,94,62,95,63,96,64,97,65,98,66,99,67,100,68,101,69,102,70,104,65,96,66,118,67,127,68,78,69,65,70,61,71,62,72,63,73,64,74,65,75,66,76,67,77,73,78,69,79,70,80,71,81,72,82,73
   387 00000D29 3B5C3C5D3D5E3E5F3F-
   388 00000D32 604061416242634364-
   389 00000D3B 446545664668416042-
   390 00000D44 76437F444E4541463D-
   391 00000D4D 473E483F49404A414B-
   392 00000D56 424C434D494E454F46-
   393 00000D5F 504751485249534A54-
   394 00000D68 4B554C564D574E584F-
   395 00000D71 59505A655B655C985D-
   396 00000D7A 915E7D5F7A607E6188-
   397 00000D83 6889698A6A8B6B8C6C-
   398 00000D8C 8D6D8E6E8F6F907091-
   399 00000D95 719272937394749575-
   400 00000D9E 96769777987899799A-
   401 00000DA7 7A9B7B9C7C9D7D9E7E-
   402 00000DB0 9F7FA080A181A282A3-
   403 00000DB9 83A484A585A686     
   404 00000DC0 5737583859395A3A5B-     db 87,55,88,56,89,57,90,58,91,59,92,60,93,61,94,62,95,63,96,64,97,65,98,66,99,67,100,68,101,69,102,70,103,71,104,72,105,73,106,74,108,69,96,70,101,71,143,72,124,73,136,74,134,75,135,76,127,77,128,78,88,79,89,80,90,8
   405 00000DC9 3B5C3C5D3D5E3E5F3F-
   406 00000DD2 604061416242634364-
   407 00000DDB 446545664667476848-
   408 00000DE4 69496A4A6C45604665-
   409 00000DED 478F487C49884A864B-
   410 00000DF6 874C7F4D804E584F59-
   411 00000DFF 505A51845285538F54-
   412 00000E08 905594568A57925877-
   413 00000E11 59785A755B795C8363-
   414 00000E1A 846485658666876788-
   415 00000E23 6889698A6A8B6B8C6C-
   416 00000E2C 8D6D8E6E8F6F907091-
   417 00000E35 719272937394749575-
   418 00000E3E 96769777987899799A-
   419 00000E47 7A9B7B9C7C9D7D9E7E-
   420 00000E50 9F7FA080A181A282A3-
   421 00000E59 83A484A585A686     
   422 00000E60 5737583859395A3A5B-     db 87,55,88,56,89,57,90,58,91,59,92,60,93,61,94,62,95,63,96,64,97,65,98,66,99,67,100,68,101,69,102,70,103,71,104,72,105,73,106,74,107,75,108,76,109,77,110,78,111,79,112,80,113,81,105,76,106,77,117,78,118,79,119,80,1
   423 00000E69 3B5C3C5D3D5E3E5F3F-
   424 00000E72 604061416242634364-
   425 00000E7B 446545664667476848-
   426 00000E84 69496A4A6B4B6C4C6D-
   427 00000E8D 4D6E4E6F4F70507151-
   428 00000E96 694C6A4D754E764F77-
   429 00000E9F 507851795270537154-
   430 00000EA8 7B5B7C5C7D5D7E5E7F-
   431 00000EB1 5F8060816182628363-
   432 00000EBA 846485658666876788-
   433 00000EC3 6889698A6A8B6B8C6C-
   434 00000ECC 8D6D8E6E8F6F907091-
   435 00000ED5 719272937394749575-
   436 00000EDE 96769777987899799A-
   437 00000EE7 7A9B7B9C7C9D7D9E7E-
   438 00000EF0 9F7FA080A181A282A3-
   439 00000EF9 83A484A585A686     
   440                                  
   441 00000F00 1B5B336D6D              attrib: db 1bh, "[3mm" 
   442                                  
   443 00000F05 00                      currcol: db 0
   444 00000F06 00000000                offset: dd 0
   445 00000F0A 0A                      newline: db 10
   446                                  SECTION .bss
   447 00000000 <res 00000001>          char: RESB 1
   448 00000001 <res 00000001>          attr: RESB 1
   449                                  
   450                                  SECTION .text
   451                                  global _main
   452                                  _main:
   453                                  
   454 00000000 B918000000              mov ecx, ROW 
   455                                  RowTop:
   456 00000005 51                      	push ecx
   457 00000006 B950000000              	mov ecx, COL
   458                                  
   459                                  	ColTop:
   460 0000000B A1[060F0000]            		mov eax, [offset]
   461                                  
   462 00000010 8AB8[00000000]          		mov bh, [season+eax]
   463 00000016 2A3D[050F0000]          		sub bh, [currcol]
   464                                  
   465 0000001C 883D[00000000]          		mov [char], bh
   466 00000022 FF05[060F0000]          		inc DWORD [offset]
   467 00000028 A1[060F0000]            		mov EAX, [offset]
   468                                  
   469 0000002D 8AB8[00000000]          		mov bh, [season+EAX]
   470 00000033 2A3D[050F0000]          		sub bh, [currcol]
   471                                  		
   472 00000039 FF05[060F0000]          		inc DWORD [offset]
   473 0000003F 883D[030F0000]          		mov [attrib+3],bh
   474 00000045 60                      		pusha
   475 00000046 B804000000              		mov eax, 4
   476 0000004B BB01000000              		mov ebx, 1
   477 00000050 B9[000F0000]            		mov ecx, attrib
   478 00000055 BA05000000              		mov edx, 5
   479 0000005A CD80                    		int 80h
   480 0000005C 61                      		popa
   481                                  
   482 0000005D 60                      		pusha
   483 0000005E B804000000              		mov eax, 4
   484 00000063 BB01000000              		mov ebx, 1
   485 00000068 B9[00000000]            		mov ecx, char
   486 0000006D BA01000000              		mov edx, 1
   487 00000072 CD80                    		int 80h
   488 00000074 61                      		popa
   489                                  		
   490 00000075 FE05[050F0000]          		inc BYTE [currcol]
   491 0000007B E28E                    	loop ColTop
   492                                  ;	pusha
   493 0000007D B804000000              	mov eax, 4
   494 00000082 BB01000000              	mov ebx, 1
   495 00000087 B9[0A0F0000]            	mov ecx, newline
   496 0000008C BA01000000              	mov edx, 1
   497 00000091 CD80                    	int 80h
   498                                  break:
   499                                  ;	popa
   500 00000093 59                      	pop ecx
   501 00000094 C605[050F0000]00        	mov BYTE [currcol], 0
   502 0000009B 49                      	dec ecx
   503 0000009C 0F8563FFFFFF            jnz RowTop
   504                                  
   505 000000A2 B804000000              	mov eax, 4
   506 000000A7 BB01000000              	mov ebx, 1
   507 000000AC B90A000000              	mov ecx, 10
   508 000000B1 BA01000000              	mov edx, 1
   509 000000B6 CD80                    	int 80h
   510                                  lastBreak:
   511                                  
   512 000000B8 B801000000              mov eax,1
   513 000000BD BB00000000              mov ebx,0
   514 000000C2 CD80                    int 80h
